Using pre-set license
Built from '2020.3/staging' branch; Version is '2020.3.30f1 (1fb1bf06830e) revision 2077119'; Using compiler version '192528614'; Build Type 'Release'
OS: 'Windows 10  (10.0.19042) 64bit Core' Language: 'he' Physical Memory: 16262 MB
BatchMode: 1, IsHumanControllingUs: 0, StartBugReporterOnCrash: 0, Is64bit: 1, IsPro: 0

COMMAND LINE ARGUMENTS:
C:\Program Files\Unity\Hub\Editor\2020.3.30f1\Editor\Unity.exe
-adb2
-batchMode
-noUpm
-name
AssetImportWorker0
-projectPath
C:/Users/ASUS/Desktop/חטיבה/סמסטר ב/משחקים מתקדם/project1/ex1-spaceship-generator-sapir-erel
-logFile
Logs/AssetImportWorker0.log
-srvPort
50847
Successfully changed project path to: C:/Users/ASUS/Desktop/חטיבה/סמסטר ב/משחקים מתקדם/project1/ex1-spaceship-generator-sapir-erel
C:/Users/ASUS/Desktop/חטיבה/סמסטר ב/משחקים מתקדם/project1/ex1-spaceship-generator-sapir-erel
Using Asset Import Pipeline V2.
Refreshing native plugins compatible for Editor in 139.46 ms, found 2 plugins.
Preloading 0 native plugins for Editor in 0.00 ms.
Initialize engine version: 2020.3.30f1 (1fb1bf06830e)
[Subsystems] Discovering subsystems at path C:/Program Files/Unity/Hub/Editor/2020.3.30f1/Editor/Data/Resources/UnitySubsystems
[Subsystems] Discovering subsystems at path C:/Users/ASUS/Desktop/חטיבה/סמסטר ב/משחקים מתקדם/project1/ex1-spaceship-generator-sapir-erel/Assets
GfxDevice: creating device client; threaded=0
Direct3D:
    Version:  Direct3D 11.0 [level 11.0]
    Renderer: NVIDIA GeForce MX130 (ID=0x174d)
    Vendor:   
    VRAM:     2010 MB
    Driver:   27.21.14.5763
Initialize mono
Mono path[0] = 'C:/Program Files/Unity/Hub/Editor/2020.3.30f1/Editor/Data/Managed'
Mono path[1] = 'C:/Program Files/Unity/Hub/Editor/2020.3.30f1/Editor/Data/MonoBleedingEdge/lib/mono/unityjit'
Mono config path = 'C:/Program Files/Unity/Hub/Editor/2020.3.30f1/Editor/Data/MonoBleedingEdge/etc'
Using monoOptions --debugger-agent=transport=dt_socket,embedding=1,server=y,suspend=n,address=127.0.0.1:56556
Begin MonoManager ReloadAssembly
Registering precompiled unity dll's ...
Register platform support module: C:/Program Files/Unity/Hub/Editor/2020.3.30f1/Editor/Data/PlaybackEngines/WindowsStandaloneSupport/UnityEditor.WindowsStandalone.Extensions.dll
Registered in 0.005876 seconds.
Native extension for WindowsStandalone target not found
Refreshing native plugins compatible for Editor in 167.34 ms, found 2 plugins.
Preloading 0 native plugins for Editor in 0.00 ms.
Mono: successfully reloaded assembly
- Completed reload, in  1.445 seconds
Domain Reload Profiling:
	ReloadAssembly (1445ms)
		BeginReloadAssembly (159ms)
			ExecutionOrderSort (0ms)
			DisableScriptedObjects (0ms)
			BackupInstance (0ms)
			ReleaseScriptingObjects (0ms)
			CreateAndSetChildDomain (2ms)
		EndReloadAssembly (1110ms)
			LoadAssemblies (151ms)
			RebuildTransferFunctionScriptingTraits (0ms)
			SetupTypeCache (340ms)
			ReleaseScriptCaches (0ms)
			RebuildScriptCaches (72ms)
			SetupLoadedEditorAssemblies (470ms)
				LogAssemblyErrors (0ms)
				InitializePlatformSupportModulesInManaged (10ms)
				SetLoadedEditorAssemblies (1ms)
				RefreshPlugins (168ms)
				BeforeProcessingInitializeOnLoad (27ms)
				ProcessInitializeOnLoadAttributes (195ms)
				ProcessInitializeOnLoadMethodAttributes (68ms)
				AfterProcessingInitializeOnLoad (0ms)
				EditorAssembliesLoaded (0ms)
			ExecutionOrderSort2 (0ms)
			AwakeInstancesAfterBackupRestoration (0ms)
Platform modules already initialized, skipping
Registering precompiled user dll's ...
Registered in 0.011395 seconds.
Begin MonoManager ReloadAssembly
Native extension for WindowsStandalone target not found
Refreshing native plugins compatible for Editor in 135.43 ms, found 2 plugins.
Preloading 0 native plugins for Editor in 0.00 ms.
Mono: successfully reloaded assembly
- Completed reload, in  2.763 seconds
Domain Reload Profiling:
	ReloadAssembly (2764ms)
		BeginReloadAssembly (366ms)
			ExecutionOrderSort (0ms)
			DisableScriptedObjects (11ms)
			BackupInstance (0ms)
			ReleaseScriptingObjects (0ms)
			CreateAndSetChildDomain (40ms)
		EndReloadAssembly (2237ms)
			LoadAssemblies (238ms)
			RebuildTransferFunctionScriptingTraits (0ms)
			SetupTypeCache (673ms)
			ReleaseScriptCaches (1ms)
			RebuildScriptCaches (112ms)
			SetupLoadedEditorAssemblies (971ms)
				LogAssemblyErrors (0ms)
				InitializePlatformSupportModulesInManaged (9ms)
				SetLoadedEditorAssemblies (0ms)
				RefreshPlugins (136ms)
				BeforeProcessingInitializeOnLoad (234ms)
				ProcessInitializeOnLoadAttributes (547ms)
				ProcessInitializeOnLoadMethodAttributes (21ms)
				AfterProcessingInitializeOnLoad (24ms)
				EditorAssembliesLoaded (1ms)
			ExecutionOrderSort2 (0ms)
			AwakeInstancesAfterBackupRestoration (14ms)
Platform modules already initialized, skipping
========================================================================
Worker process is ready to serve import requests
Launched and connected shader compiler UnityShaderCompiler.exe after 0.16 seconds
Refreshing native plugins compatible for Editor in 1.73 ms, found 2 plugins.
Preloading 0 native plugins for Editor in 0.00 ms.
Unloading 3283 Unused Serialized files (Serialized files now loaded: 0)
System memory in use before: 140.8 MB.
System memory in use after: 141.0 MB.

Unloading 20 unused Assets to reduce memory usage. Loaded Objects now: 3719.
Total: 6.141000 ms (FindLiveObjects: 0.430000 ms CreateObjectMapping: 0.318400 ms MarkObjects: 5.287100 ms  DeleteObjects: 0.104300 ms)

AssetImportParameters requested are different than current active one (requested -> active):
  custom:framework-win-MediaFoundation: 216162199b28c13a410421893ffa2e32 -> 
  custom:video-decoder-ogg-theora: a1e56fd34408186e4bbccfd4996cb3dc -> 
  custom:container-muxer-webm: aa71ff27fc2769a1b78a27578f13a17b -> 
  custom:container-demuxer-webm: 4f35f7cbe854078d1ac9338744f61a02 -> 
  custom:container-demuxer-ogg: 62fdf1f143b41e24485cea50d1cbac27 -> 
  custom:video-encoder-webm-vp8: eb34c28f22e8b96e1ab97ce403110664 -> 
  custom:video-decoder-webm-vp8: 9c59270c3fd7afecdb556c50c9e8de78 -> 
  custom:audio-decoder-ogg-vorbis: bf7c407c2cedff20999df2af8eb42d56 -> 
  custom:audio-encoder-webm-vorbis: bf7c407c2cedff20999df2af8eb42d56 -> 
========================================================================
Received Import Request.
  path: Assets/Readme.asset
  artifactKey: Guid(83c2ed844a8c74b779a4c823d16594b1) Importer(815301076,1909f56bfc062723c751e8b465ee728b)
Start importing Assets/Readme.asset using Guid(83c2ed844a8c74b779a4c823d16594b1) Importer(815301076,1909f56bfc062723c751e8b465ee728b)  -> (artifact id: '8ffd2c44ffeb50c574abb5d0c4453328') in 0.065706 seconds 
========================================================================
Received Import Request.
  Time since last request: 0.000258 seconds.
  path: Assets/Scripts/SpaceshipGenerator
  artifactKey: Guid(676ac0f4c29214ccabf070d2bf64d785) Importer(815301076,1909f56bfc062723c751e8b465ee728b)
Start importing Assets/Scripts/SpaceshipGenerator using Guid(676ac0f4c29214ccabf070d2bf64d785) Importer(815301076,1909f56bfc062723c751e8b465ee728b)  -> (artifact id: 'f81923a5ebbd7ea208ed2b01b5229634') in 0.014763 seconds 
========================================================================
Received Import Request.
  Time since last request: 8.674006 seconds.
  path: Assets/Scripts/SpaceshipGenerator/OurSpaceShipGenerator.cs
  artifactKey: Guid(5c36eed70e8a414192b6260062847458) Importer(815301076,1909f56bfc062723c751e8b465ee728b)
Start importing Assets/Scripts/SpaceshipGenerator/OurSpaceShipGenerator.cs using Guid(5c36eed70e8a414192b6260062847458) Importer(815301076,1909f56bfc062723c751e8b465ee728b)  -> (artifact id: '0b4b7a16743eb9e580341cf1c08aedae') in 0.014046 seconds 
========================================================================
Received Import Request.
  Time since last request: 94.274821 seconds.
  path: Assets/SpaceshipGenerator/Scenes
  artifactKey: Guid(ce0b5f47c77e1478bb4866b64d17606b) Importer(815301076,1909f56bfc062723c751e8b465ee728b)
Start importing Assets/SpaceshipGenerator/Scenes using Guid(ce0b5f47c77e1478bb4866b64d17606b) Importer(815301076,1909f56bfc062723c751e8b465ee728b)  -> (artifact id: '357232aca2d66f221d846ef319e62f76') in 0.019335 seconds 
========================================================================
Received Import Request.
  Time since last request: 1.745353 seconds.
  path: Assets/SpaceshipGenerator/Scenes/SpaceshipDisplay.unity
  artifactKey: Guid(481a895991b4148e8a7691b70f35640f) Importer(815301076,1909f56bfc062723c751e8b465ee728b)
Start importing Assets/SpaceshipGenerator/Scenes/SpaceshipDisplay.unity using Guid(481a895991b4148e8a7691b70f35640f) Importer(815301076,1909f56bfc062723c751e8b465ee728b)  -> (artifact id: '54c6ecdd9ba6d6244bb5adf16011ecfe') in 0.046504 seconds 
========================================================================
Received Import Request.
  Time since last request: 43.763171 seconds.
  path: Assets/SpaceshipGenerator/Design/Graphics/Textures/4x4.jpeg
  artifactKey: Guid(babaa2ab7194e43c1af1d46606731848) Importer(815301076,1909f56bfc062723c751e8b465ee728b)
Start importing Assets/SpaceshipGenerator/Design/Graphics/Textures/4x4.jpeg using Guid(babaa2ab7194e43c1af1d46606731848) Importer(815301076,1909f56bfc062723c751e8b465ee728b)  -> (artifact id: '39eca0bc55496d53cc88ae021f204291') in 0.134851 seconds 
AssetImportWorkerClient::OnTransportError - code=2 error=End of file
